<?xml version="1.0" encoding="UTF-8"?>
<!-- Generated by org.testng.reporters.JUnitXMLReporter -->
<testsuite hostname="PC" ignored="0" name="Test" tests="3" failures="1" timestamp="19 Apr 2019 16:46:27 GMT" time="29.56" errors="0">
  <testcase name="verifytitle" time="0.036" classname="TestNG.NewTest3"/>
  <testcase name="verifyurl" time="0.014" classname="TestNG.NewTest3">
    <failure type="java.lang.AssertionError" message="expected [edureka.com] but found [https://www.facebook.com/]">
      <![CDATA[java.lang.AssertionError: expected [edureka.com] but found [https://www.facebook.com/]
at TestNG.NewTest3.verifyurl(NewTest3.java:29)
... Removed 31 stack frames]]>
    </failure>
  </testcase> <!-- verifyurl -->
  <testcase name="verifytitle" time="15.557" classname="TestNG.NewTest4"/>
</testsuite> <!-- Test -->
